<?xml version="1.0" encoding="UTF-8"?>
<!-- Generated by org.testng.reporters.JUnitReportReporter -->
<testsuite hostname="artemis" name="com.yahoo.ycsb.workloads.TestCoreWorkload" tests="2" failures="0" timestamp="20 May 2016 12:02:14 GMT" time="0.011" errors="0">
  <testcase name="createOperationChooserNullProperties" time="0.002" classname="com.yahoo.ycsb.workloads.TestCoreWorkload"/>
  <testcase name="createOperationChooser" time="0.009" classname="com.yahoo.ycsb.workloads.TestCoreWorkload"/>
</testsuite>
