<?xml version="1.0" encoding="UTF-8"?>
<!-- Generated by org.testng.reporters.JUnitReportReporter -->
<testsuite hostname="artemis" name="com.yahoo.ycsb.TestByteIterator" tests="1" failures="0" timestamp="20 May 2016 12:02:14 GMT" time="0.016" errors="0">
  <testcase name="testRandomByteIterator" time="0.016" classname="com.yahoo.ycsb.TestByteIterator"/>
</testsuite>
